C51 COMPILER V9.54   BUZZER                                                                04/15/2023 22:52:25 PAGE 1   


C51 COMPILER V9.54, COMPILATION OF MODULE BUZZER
OBJECT MODULE PLACED IN .\Objects\Buzzer.obj
COMPILER INVOKED BY: C:\Keil_v5\C51\BIN\C51.EXE ..\11-1 ·äÃùÆ÷²¥·ÅÌáÊ¾Òô\Buzzer.c OPTIMIZE(8,SPEED) BROWSE DEBUG OBJECTE
                    -XTEND PRINT(.\Listings\Buzzer.lst) TABS(2) OBJECT(.\Objects\Buzzer.obj)

line level    source

   1          #include <REGX52.H>
   2          #include <INTRINS.H>
   3          
   4          //èœ‚é¸£å™¨ç«¯å£ï¼š
   5          sbit Buzzer=P2^5;
   6          
   7          /**
   8            * @brief  èœ‚é¸£å™¨ç§æœ‰å»¶æ—¶å‡½æ•°ï¼Œå»¶æ—¶500us
   9            * @param  æ— 
  10            * @retval æ— 
  11            */
  12          void Buzzer_Delay500us()    //@12.000MHz
  13          {
  14   1        unsigned char i;
  15   1      
  16   1        _nop_();
  17   1        i = 247;
  18   1        while (--i);
  19   1      }
  20          
  21          /**
  22            * @brief  èœ‚é¸£å™¨å‘å£°
  23            * @param  ms å‘å£°çš„æ—¶é•¿ï¼ŒèŒƒå›´ï¼š0~32767
  24            * @retval æ— 
  25            */
  26          void Buzzer_Time(unsigned int ms)
  27          {
  28   1        unsigned int i;
  29   1        for(i=0;i<ms*2;i++)
  30   1        {
  31   2          Buzzer=!Buzzer;
  32   2          Buzzer_Delay500us();
  33   2        }
  34   1      }


MODULE INFORMATION:   STATIC OVERLAYABLE
   CODE SIZE        =     40    ----
   CONSTANT SIZE    =   ----    ----
   XDATA SIZE       =   ----    ----
   PDATA SIZE       =   ----    ----
   DATA SIZE        =   ----    ----
   IDATA SIZE       =   ----    ----
   BIT SIZE         =   ----    ----
END OF MODULE INFORMATION.


C51 COMPILATION COMPLETE.  0 WARNING(S),  0 ERROR(S)
