C51 COMPILER V9.54   MAIN                                                                  04/16/2023 00:32:12 PAGE 1   


C51 COMPILER V9.54, COMPILATION OF MODULE MAIN
OBJECT MODULE PLACED IN .\Objects\main.obj
COMPILER INVOKED BY: C:\Keil_v5\C51\BIN\C51.EXE main.c OPTIMIZE(8,SPEED) BROWSE DEBUG OBJECTEXTEND PRINT(.\Listings\main
                    -.lst) TABS(2) OBJECT(.\Objects\main.obj)

line level    source

   1          #include <REGX52.H>
   2          #include "LCD1602.h"
   3          #include "DS18B20.h"
   4          #include "Delay.h"
   5          #include "AT24C02.h"
   6          #include "Key.h"
   7          #include "Timer0.h"
   8          #include <INTRINS.H>
   9          sbit Buzzer=P2^5;
  10          sbit Motor=P1^0;
  11          
  12          float T,TShow;
  13          char TLow,THigh;
  14          unsigned char KeyNum;
  15          int i;
  16            
  17          void main()
  18          {
  19   1        DS18B20_ConvertT();   //上电先转换一次温度，防止第一次读数据错误
  20   1        Delay(1000);      //等待转换完成
  21   1        THigh=AT24C02_ReadByte(0);  //读取温度阈值数据
  22   1        TLow=AT24C02_ReadByte(1);
  23   1        if(THigh>125 || TLow<-55 || THigh<=TLow)
  24   1        {
  25   2          THigh=20;     //如果阈值非法，则设为默认值
  26   2          TLow=15;
  27   2        }
  28   1        LCD_Init();
  29   1        LCD_ShowString(1,1,"T:");
  30   1        LCD_ShowString(2,1,"TH:");
  31   1        LCD_ShowString(2,9,"TL:");
  32   1        LCD_ShowSignedNum(2,4,THigh,3);
  33   1        LCD_ShowSignedNum(2,12,TLow,3);
  34   1        Timer0_Init();
  35   1        
  36   1        while(1)
  37   1        {
  38   2          KeyNum=Key();
  39   2          
  40   2          /*温度读取及显示*/
  41   2          DS18B20_ConvertT(); //转换温度
  42   2          T=DS18B20_ReadT();  //读取温度
  43   2          if(T<0)       //如果温度小于0
  44   2          {
  45   3            LCD_ShowChar(1,3,'-');  //显示负号
  46   3            TShow=-T;   //将温度变为正数
  47   3          }
  48   2          else        //如果温度大于等于0
  49   2          {
  50   3            LCD_ShowChar(1,3,'+');  //显示正号
  51   3            TShow=T;
  52   3          }
  53   2          LCD_ShowNum(1,4,TShow,3);   //显示温度整数部分
  54   2          LCD_ShowChar(1,7,'.');    //显示小数点
C51 COMPILER V9.54   MAIN                                                                  04/16/2023 00:32:12 PAGE 2   

  55   2          LCD_ShowNum(1,8,(unsigned long)(TShow*100)%100,2);//显示温度小数部分
  56   2          
  57   2          /*阈值判断及显示*/
  58   2          if(KeyNum)
  59   2          {
  60   3            if(KeyNum==1) //K1按键，THigh自增
  61   3            {
  62   4              THigh++;
  63   4              if(THigh>125){THigh=125;}
  64   4            }
  65   3            if(KeyNum==2) //K2按键，THigh自减
  66   3            {
  67   4              THigh--;
  68   4              if(THigh<=TLow){THigh++;}
  69   4            }
  70   3            if(KeyNum==3) //K3按键，TLow自增
  71   3            {
  72   4              TLow++;
  73   4              if(TLow>=THigh){TLow--;}
  74   4            }
  75   3            if(KeyNum==4) //K4按键，TLow自减
  76   3            {
  77   4              TLow--;
  78   4              if(TLow<-55){TLow=-55;}
  79   4            }
  80   3            LCD_ShowSignedNum(2,4,THigh,3); //显示阈值数据
  81   3            LCD_ShowSignedNum(2,12,TLow,3);
  82   3            AT24C02_WriteByte(0,THigh);   //写入到At24C02中保存
  83   3            Delay(5);
  84   3            AT24C02_WriteByte(1,TLow);
  85   3            Delay(5);
  86   3          }
  87   2          
  88   2          if(T>THigh||T<TLow)     //越界判断
  89   2          { LCD_ShowString(1,13,"WOR"); 
  90   3          for(i=0;i<500;i++)
  91   3          {Buzzer=!Buzzer;} } 
  92   2          else
  93   2          {LCD_ShowString(1,13,"   ");}
  94   2          
  95   2          if(T>THigh||T<TLow)     //越界判断  
  96   2          {Delay(10);
  97   3          P2=0XFE;
  98   3          Delay(10);
  99   3          P2=0xFF;
 100   3          Delay(10);}
 101   2          else
 102   2          {LCD_ShowString(1,13,"   ");}
 103   2          
 104   2          if(T>THigh||T<TLow)     //越界判断  
 105   2          {Motor=!Motor;}
 106   2          else
 107   2          {LCD_ShowString(1,13,"   ");}
 108   2          }}
 109          
 110          
 111              
 112            void Timer0_Routine() interrupt 1
 113          {
 114   1        static unsigned int T0Count;
 115   1        TL0 = 0x18;   //设置定时初值
 116   1        TH0 = 0xFC;   //设置定时初值
C51 COMPILER V9.54   MAIN                                                                  04/16/2023 00:32:12 PAGE 3   

 117   1        T0Count++;
 118   1        if(T0Count>=20)
 119   1        {
 120   2          T0Count=0;
 121   2          Key_Loop(); //每20ms调用一次按键驱动函数
 122   2        }
 123   1      }


MODULE INFORMATION:   STATIC OVERLAYABLE
   CODE SIZE        =    783    ----
   CONSTANT SIZE    =     19    ----
   XDATA SIZE       =   ----    ----
   PDATA SIZE       =   ----    ----
   DATA SIZE        =     15    ----
   IDATA SIZE       =   ----    ----
   BIT SIZE         =   ----    ----
END OF MODULE INFORMATION.


C51 COMPILATION COMPLETE.  0 WARNING(S),  0 ERROR(S)
